CRITICAL - 2024-06-17 04:09:49 --> ErrorException: Undefined property: App\Controllers\Dashboard::$kecamatanModel
[Method: GET, Route: dashboard/getdata]
in APPPATH\Controllers\Dashboard.php on line 38.
 1 APPPATH\Controllers\Dashboard.php(38): CodeIgniter\Debug\Exceptions->errorHandler(2, 'Undefined property: App\\Controllers\\Dashboard::$kecamatanModel', 'C:\\xampp\\htdocs\\websigtwo\\app\\Controllers\\Dashboard.php', 38)
 2 SYSTEMPATH\CodeIgniter.php(933): App\Controllers\Dashboard->getdata()
 3 SYSTEMPATH\CodeIgniter.php(509): CodeIgniter\CodeIgniter->runController(Object(App\Controllers\Dashboard))
 4 SYSTEMPATH\CodeIgniter.php(355): CodeIgniter\CodeIgniter->handleRequest(null, Object(Config\Cache), false)
 5 SYSTEMPATH\Boot.php(312): CodeIgniter\CodeIgniter->run()
 6 SYSTEMPATH\Boot.php(67): CodeIgniter\Boot::runCodeIgniter(Object(CodeIgniter\CodeIgniter))
 7 FCPATH\index.php(56): CodeIgniter\Boot::bootWeb(Object(Config\Paths))
CRITICAL - 2024-06-17 04:09:55 --> ErrorException: Undefined property: App\Controllers\Dashboard::$kecamatanModel
[Method: GET, Route: dashboard/getdata]
in APPPATH\Controllers\Dashboard.php on line 38.
 1 APPPATH\Controllers\Dashboard.php(38): CodeIgniter\Debug\Exceptions->errorHandler(2, 'Undefined property: App\\Controllers\\Dashboard::$kecamatanModel', 'C:\\xampp\\htdocs\\websigtwo\\app\\Controllers\\Dashboard.php', 38)
 2 SYSTEMPATH\CodeIgniter.php(933): App\Controllers\Dashboard->getdata()
 3 SYSTEMPATH\CodeIgniter.php(509): CodeIgniter\CodeIgniter->runController(Object(App\Controllers\Dashboard))
 4 SYSTEMPATH\CodeIgniter.php(355): CodeIgniter\CodeIgniter->handleRequest(null, Object(Config\Cache), false)
 5 SYSTEMPATH\Boot.php(312): CodeIgniter\CodeIgniter->run()
 6 SYSTEMPATH\Boot.php(67): CodeIgniter\Boot::runCodeIgniter(Object(CodeIgniter\CodeIgniter))
 7 FCPATH\index.php(56): CodeIgniter\Boot::bootWeb(Object(Config\Paths))
